0 verbose cli D:\node.exe D:\node_modules\npm\bin\npm-cli.js
1 info using npm@10.9.0
2 info using node@v22.12.0
3 silly config load:file:D:\node_modules\npm\npmrc
4 silly config load:file:C:\Users\user\Desktop\health-app\backend\.npmrc
5 silly config load:file:C:\Users\user\.npmrc
6 silly config load:file:C:\Users\user\Desktop\health-app\backend\user\npm-global\etc\npmrc
7 verbose title npm install
8 verbose argv "install"
9 verbose logfile logs-max:10 dir:C:\Users\user\Desktop\health-app\backend\%USERPROFILE%\npm-cache\_logs\2025-09-14T19_55_27_061Z-
10 verbose logfile C:\Users\user\Desktop\health-app\backend\%USERPROFILE%\npm-cache\_logs\2025-09-14T19_55_27_061Z-debug-0.log
11 silly logfile done cleaning log files
12 silly packumentCache heap:4345298944 maxSize:1086324736 maxEntrySize:543162368
13 silly idealTree buildDeps
14 silly fetch manifest express@^4.18.2
15 silly packumentCache full:https://registry.npmjs.org/express cache-miss
16 http fetch GET 200 https://registry.npmjs.org/express 245ms (cache revalidated)
17 silly packumentCache full:https://registry.npmjs.org/express set size:796269 disposed:false
18 silly fetch manifest dotenv@^16.3.1
19 silly packumentCache full:https://registry.npmjs.org/dotenv cache-miss
20 http fetch GET 200 https://registry.npmjs.org/dotenv 93ms (cache revalidated)
21 silly packumentCache full:https://registry.npmjs.org/dotenv set size:258824 disposed:false
22 silly fetch manifest mongoose@^7.5.0
23 silly packumentCache full:https://registry.npmjs.org/mongoose cache-miss
24 http fetch GET 200 https://registry.npmjs.org/mongoose 165ms (cache miss)
25 silly packumentCache full:https://registry.npmjs.org/mongoose set size:undefined disposed:false
26 silly fetch manifest bcryptjs@^2.4.3
27 silly packumentCache full:https://registry.npmjs.org/bcryptjs cache-miss
28 http fetch GET 200 https://registry.npmjs.org/bcryptjs 83ms (cache miss)
29 silly packumentCache full:https://registry.npmjs.org/bcryptjs set size:undefined disposed:false
30 silly fetch manifest jsonwebtoken@^9.0.2
31 silly packumentCache full:https://registry.npmjs.org/jsonwebtoken cache-miss
32 http fetch GET 200 https://registry.npmjs.org/jsonwebtoken 53ms (cache miss)
33 silly packumentCache full:https://registry.npmjs.org/jsonwebtoken set size:undefined disposed:false
34 silly fetch manifest express-validator@^7.0.1
35 silly packumentCache full:https://registry.npmjs.org/express-validator cache-miss
36 http fetch GET 200 https://registry.npmjs.org/express-validator 48ms (cache miss)
37 silly packumentCache full:https://registry.npmjs.org/express-validator set size:undefined disposed:false
38 silly placeDep ROOT bcryptjs@2.4.3 OK for: backend@1.0.0 want: ^2.4.3
39 silly placeDep ROOT dotenv@16.6.1 REPLACE for: backend@1.0.0 want: ^16.3.1
40 silly placeDep ROOT express@4.21.2 REPLACE for: backend@1.0.0 want: ^4.18.2
41 silly placeDep ROOT express-validator@7.2.1 OK for: backend@1.0.0 want: ^7.0.1
42 silly placeDep ROOT jsonwebtoken@9.0.2 OK for: backend@1.0.0 want: ^9.0.2
43 silly placeDep ROOT mongoose@7.8.7 OK for: backend@1.0.0 want: ^7.5.0
44 silly fetch manifest qs@6.13.0
45 silly packumentCache full:https://registry.npmjs.org/qs cache-miss
46 silly fetch manifest depd@2.0.0
47 silly packumentCache full:https://registry.npmjs.org/depd cache-miss
48 silly fetch manifest etag@~1.8.1
49 silly packumentCache full:https://registry.npmjs.org/etag cache-miss
50 silly fetch manifest send@0.19.0
51 silly packumentCache full:https://registry.npmjs.org/send cache-miss
52 silly fetch manifest debug@2.6.9
53 silly packumentCache full:https://registry.npmjs.org/debug cache-miss
54 silly fetch manifest fresh@0.5.2
55 silly packumentCache full:https://registry.npmjs.org/fresh cache-miss
56 silly fetch manifest cookie@0.7.1
57 silly packumentCache full:https://registry.npmjs.org/cookie cache-miss
58 silly fetch manifest accepts@~1.3.8
59 silly packumentCache full:https://registry.npmjs.org/accepts cache-miss
60 silly fetch manifest methods@~1.1.2
61 silly packumentCache full:https://registry.npmjs.org/methods cache-miss
62 silly fetch manifest type-is@~1.6.18
63 silly packumentCache full:https://registry.npmjs.org/type-is cache-miss
64 silly fetch manifest parseurl@~1.3.3
65 silly packumentCache full:https://registry.npmjs.org/parseurl cache-miss
66 silly fetch manifest statuses@2.0.1
67 silly packumentCache full:https://registry.npmjs.org/statuses cache-miss
68 silly fetch manifest encodeurl@~2.0.0
69 silly packumentCache full:https://registry.npmjs.org/encodeurl cache-miss
70 silly fetch manifest body-parser@1.20.3
71 silly packumentCache full:https://registry.npmjs.org/body-parser cache-miss
72 silly fetch manifest escape-html@~1.0.3
73 silly packumentCache full:https://registry.npmjs.org/escape-html cache-miss
74 http fetch GET 200 https://registry.npmjs.org/etag 244ms (cache revalidated)
75 silly packumentCache full:https://registry.npmjs.org/etag set size:30032 disposed:false
76 silly fetch manifest http-errors@2.0.0
77 silly packumentCache full:https://registry.npmjs.org/http-errors cache-miss
78 http fetch GET 200 https://registry.npmjs.org/parseurl 244ms (cache revalidated)
79 silly packumentCache full:https://registry.npmjs.org/parseurl set size:24148 disposed:false
80 silly fetch manifest on-finished@2.4.1
81 silly packumentCache full:https://registry.npmjs.org/on-finished cache-miss
82 http fetch GET 200 https://registry.npmjs.org/depd 257ms (cache revalidated)
83 silly packumentCache full:https://registry.npmjs.org/depd set size:40182 disposed:false
84 silly fetch manifest safe-buffer@5.2.1
85 silly packumentCache full:https://registry.npmjs.org/safe-buffer cache-miss
86 http fetch GET 200 https://registry.npmjs.org/fresh 258ms (cache revalidated)
87 silly packumentCache full:https://registry.npmjs.org/fresh set size:25427 disposed:false
88 silly fetch manifest utils-merge@1.0.1
89 silly packumentCache full:https://registry.npmjs.org/utils-merge cache-miss
90 http fetch GET 200 https://registry.npmjs.org/debug 262ms (cache revalidated)
91 silly packumentCache full:https://registry.npmjs.org/debug set size:195840 disposed:false
92 silly fetch manifest content-type@~1.0.4
93 silly packumentCache full:https://registry.npmjs.org/content-type cache-miss
94 http fetch GET 200 https://registry.npmjs.org/methods 268ms (cache miss)
95 silly packumentCache full:https://registry.npmjs.org/methods set size:undefined disposed:false
96 silly fetch manifest finalhandler@1.3.1
97 silly packumentCache full:https://registry.npmjs.org/finalhandler cache-miss
98 http fetch GET 200 https://registry.npmjs.org/qs 277ms (cache revalidated)
99 silly packumentCache full:https://registry.npmjs.org/qs set size:264677 disposed:false
100 silly fetch manifest range-parser@~1.2.1
101 silly packumentCache full:https://registry.npmjs.org/range-parser cache-miss
102 http fetch GET 200 https://registry.npmjs.org/send 306ms (cache revalidated)
103 silly packumentCache full:https://registry.npmjs.org/send set size:147586 disposed:false
104 silly fetch manifest serve-static@1.16.2
105 silly packumentCache full:https://registry.npmjs.org/serve-static cache-miss
106 http fetch GET 200 https://registry.npmjs.org/type-is 307ms (cache revalidated)
107 silly packumentCache full:https://registry.npmjs.org/type-is set size:86196 disposed:false
108 silly fetch manifest array-flatten@1.1.1
109 silly packumentCache full:https://registry.npmjs.org/array-flatten cache-miss
110 http fetch GET 200 https://registry.npmjs.org/accepts 313ms (cache revalidated)
111 silly packumentCache full:https://registry.npmjs.org/accepts set size:77054 disposed:false
112 silly fetch manifest path-to-regexp@0.1.12
113 silly packumentCache full:https://registry.npmjs.org/path-to-regexp cache-miss
114 http fetch GET 200 https://registry.npmjs.org/cookie 315ms (cache revalidated)
115 silly packumentCache full:https://registry.npmjs.org/cookie set size:67180 disposed:false
116 silly fetch manifest setprototypeof@1.2.0
117 silly packumentCache full:https://registry.npmjs.org/setprototypeof cache-miss
118 http fetch GET 200 https://registry.npmjs.org/encodeurl 317ms (cache revalidated)
119 silly packumentCache full:https://registry.npmjs.org/encodeurl set size:12296 disposed:false
120 silly fetch manifest cookie-signature@1.0.6
121 silly packumentCache full:https://registry.npmjs.org/cookie-signature cache-miss
122 http fetch GET 200 https://registry.npmjs.org/escape-html 323ms (cache revalidated)
123 silly packumentCache full:https://registry.npmjs.org/escape-html set size:7345 disposed:false
124 silly fetch manifest merge-descriptors@1.0.3
125 silly packumentCache full:https://registry.npmjs.org/merge-descriptors cache-miss
126 http fetch GET 200 https://registry.npmjs.org/body-parser 326ms (cache revalidated)
127 silly packumentCache full:https://registry.npmjs.org/body-parser set size:209520 disposed:false
128 silly fetch manifest content-disposition@0.5.4
129 silly packumentCache full:https://registry.npmjs.org/content-disposition cache-miss
130 http fetch GET 200 https://registry.npmjs.org/utils-merge 100ms (cache miss)
131 silly packumentCache full:https://registry.npmjs.org/utils-merge set size:undefined disposed:false
132 silly fetch manifest lodash@^4.17.21
133 silly packumentCache full:https://registry.npmjs.org/lodash cache-miss
134 http fetch GET 200 https://registry.npmjs.org/http-errors 195ms (cache revalidated)
135 silly packumentCache full:https://registry.npmjs.org/http-errors set size:69537 disposed:false
136 silly fetch manifest validator@~13.12.0
137 silly packumentCache full:https://registry.npmjs.org/validator cache-miss
138 http fetch GET 200 https://registry.npmjs.org/on-finished 194ms (cache revalidated)
139 silly packumentCache full:https://registry.npmjs.org/on-finished set size:23212 disposed:false
140 silly fetch manifest jws@^3.2.2
141 silly packumentCache full:https://registry.npmjs.org/jws cache-miss
142 http fetch GET 200 https://registry.npmjs.org/content-type 177ms (cache revalidated)
143 silly packumentCache full:https://registry.npmjs.org/content-type set size:17311 disposed:false
144 silly fetch manifest lodash.once@^4.0.0
145 silly packumentCache full:https://registry.npmjs.org/lodash.once cache-miss
146 http fetch GET 200 https://registry.npmjs.org/safe-buffer 189ms (cache revalidated)
147 silly packumentCache full:https://registry.npmjs.org/safe-buffer set size:41183 disposed:false
148 silly fetch manifest lodash.includes@^4.3.0
149 silly packumentCache full:https://registry.npmjs.org/lodash.includes cache-miss
150 http fetch GET 200 https://registry.npmjs.org/cookie-signature 126ms (cache revalidated)
151 silly packumentCache full:https://registry.npmjs.org/cookie-signature set size:21777 disposed:false
152 silly fetch manifest lodash.isnumber@^3.0.3
153 silly packumentCache full:https://registry.npmjs.org/lodash.isnumber cache-miss
154 http fetch GET 200 https://registry.npmjs.org/finalhandler 179ms (cache revalidated)
155 silly packumentCache full:https://registry.npmjs.org/finalhandler set size:74406 disposed:false
156 silly fetch manifest lodash.isstring@^4.0.1
157 silly packumentCache full:https://registry.npmjs.org/lodash.isstring cache-miss
158 http fetch GET 200 https://registry.npmjs.org/path-to-regexp 143ms (cache revalidated)
159 silly packumentCache full:https://registry.npmjs.org/path-to-regexp set size:207142 disposed:false
160 silly fetch manifest lodash.isboolean@^3.0.3
161 silly packumentCache full:https://registry.npmjs.org/lodash.isboolean cache-miss
162 http fetch GET 200 https://registry.npmjs.org/serve-static 182ms (cache revalidated)
163 silly packumentCache full:https://registry.npmjs.org/serve-static set size:145938 disposed:false
164 silly fetch manifest lodash.isinteger@^4.0.4
165 silly packumentCache full:https://registry.npmjs.org/lodash.isinteger cache-miss
166 http fetch GET 200 https://registry.npmjs.org/setprototypeof 178ms (cache revalidated)
167 silly packumentCache full:https://registry.npmjs.org/setprototypeof set size:14532 disposed:false
168 silly fetch manifest lodash.isplainobject@^4.0.6
169 silly packumentCache full:https://registry.npmjs.org/lodash.isplainobject cache-miss
170 http fetch GET 200 https://registry.npmjs.org/statuses 512ms (cache revalidated)
171 silly packumentCache full:https://registry.npmjs.org/statuses set size:37117 disposed:false
172 silly fetch manifest bson@^5.5.0
173 silly packumentCache full:https://registry.npmjs.org/bson cache-miss
174 http fetch GET 200 https://registry.npmjs.org/range-parser 239ms (cache revalidated)
175 silly packumentCache full:https://registry.npmjs.org/range-parser set size:22228 disposed:false
176 silly fetch manifest sift@16.0.1
177 silly packumentCache full:https://registry.npmjs.org/sift cache-miss
178 http fetch GET 200 https://registry.npmjs.org/array-flatten 213ms (cache miss)
179 silly packumentCache full:https://registry.npmjs.org/array-flatten set size:undefined disposed:false
180 silly fetch manifest mpath@0.9.0
181 silly packumentCache full:https://registry.npmjs.org/mpath cache-miss
182 http fetch GET 200 https://registry.npmjs.org/content-disposition 203ms (cache revalidated)
183 silly packumentCache full:https://registry.npmjs.org/content-disposition set size:26893 disposed:false
184 silly fetch manifest kareem@2.5.1
185 silly packumentCache full:https://registry.npmjs.org/kareem cache-miss
186 http fetch GET 200 https://registry.npmjs.org/merge-descriptors 210ms (cache revalidated)
187 silly packumentCache full:https://registry.npmjs.org/merge-descriptors set size:16527 disposed:false
188 silly fetch manifest mquery@5.0.0
189 silly packumentCache full:https://registry.npmjs.org/mquery cache-miss
190 http fetch GET 200 https://registry.npmjs.org/lodash.isstring 114ms (cache miss)
191 silly packumentCache full:https://registry.npmjs.org/lodash.isstring set size:undefined disposed:false
192 silly fetch manifest mongodb@5.9.2
193 silly packumentCache full:https://registry.npmjs.org/mongodb cache-miss
194 http fetch GET 200 https://registry.npmjs.org/lodash.includes 120ms (cache miss)
195 silly packumentCache full:https://registry.npmjs.org/lodash.includes set size:undefined disposed:false
196 http fetch GET 200 https://registry.npmjs.org/lodash.isnumber 127ms (cache miss)
197 silly packumentCache full:https://registry.npmjs.org/lodash.isnumber set size:undefined disposed:false
198 http fetch GET 200 https://registry.npmjs.org/lodash.once 132ms (cache miss)
199 silly packumentCache full:https://registry.npmjs.org/lodash.once set size:undefined disposed:false
200 http fetch GET 200 https://registry.npmjs.org/lodash.isboolean 116ms (cache miss)
201 silly packumentCache full:https://registry.npmjs.org/lodash.isboolean set size:undefined disposed:false
202 http fetch GET 200 https://registry.npmjs.org/jws 138ms (cache miss)
203 silly packumentCache full:https://registry.npmjs.org/jws set size:undefined disposed:false
204 http fetch GET 200 https://registry.npmjs.org/lodash.isinteger 89ms (cache miss)
205 silly packumentCache full:https://registry.npmjs.org/lodash.isinteger set size:undefined disposed:false
206 http fetch GET 200 https://registry.npmjs.org/lodash.isplainobject 88ms (cache miss)
207 silly packumentCache full:https://registry.npmjs.org/lodash.isplainobject set size:undefined disposed:false
208 http fetch GET 200 https://registry.npmjs.org/mpath 62ms (cache miss)
209 silly packumentCache full:https://registry.npmjs.org/mpath set size:undefined disposed:false
210 http fetch GET 200 https://registry.npmjs.org/lodash 232ms (cache miss)
211 silly packumentCache full:https://registry.npmjs.org/lodash set size:undefined disposed:false
212 http fetch GET 200 https://registry.npmjs.org/validator 160ms (cache miss)
213 silly packumentCache full:https://registry.npmjs.org/validator set size:undefined disposed:false
214 http fetch GET 200 https://registry.npmjs.org/sift 91ms (cache miss)
215 silly packumentCache full:https://registry.npmjs.org/sift set size:undefined disposed:false
216 http fetch GET 200 https://registry.npmjs.org/bson 100ms (cache miss)
217 silly packumentCache full:https://registry.npmjs.org/bson set size:undefined disposed:false
218 http fetch GET 200 https://registry.npmjs.org/kareem 116ms (cache miss)
219 silly packumentCache full:https://registry.npmjs.org/kareem set size:undefined disposed:false
220 http fetch GET 200 https://registry.npmjs.org/mquery 121ms (cache miss)
221 silly packumentCache full:https://registry.npmjs.org/mquery set size:undefined disposed:false
222 http fetch GET 200 https://registry.npmjs.org/mongodb 197ms (cache miss)
223 silly packumentCache full:https://registry.npmjs.org/mongodb set size:undefined disposed:false
224 silly placeDep ROOT accepts@1.3.8 OK for: express@4.21.2 want: ~1.3.8
225 silly placeDep ROOT array-flatten@1.1.1 OK for: express@4.21.2 want: 1.1.1
226 silly placeDep ROOT body-parser@1.20.3 OK for: express@4.21.2 want: 1.20.3
227 silly placeDep ROOT content-disposition@0.5.4 OK for: express@4.21.2 want: 0.5.4
228 silly placeDep ROOT content-type@1.0.5 OK for: express@4.21.2 want: ~1.0.4
229 silly placeDep node_modules/express cookie@0.7.1 OK for: express@4.21.2 want: 0.7.1
230 silly placeDep ROOT cookie-signature@1.0.6 OK for: express@4.21.2 want: 1.0.6
231 silly placeDep node_modules/express debug@2.6.9 OK for: express@4.21.2 want: 2.6.9
232 silly placeDep ROOT depd@2.0.0 OK for: express@4.21.2 want: 2.0.0
233 silly placeDep ROOT encodeurl@2.0.0 OK for: express@4.21.2 want: ~2.0.0
234 silly placeDep ROOT escape-html@1.0.3 OK for: express@4.21.2 want: ~1.0.3
235 silly placeDep ROOT etag@1.8.1 OK for: express@4.21.2 want: ~1.8.1
236 silly placeDep ROOT finalhandler@1.3.1 OK for: express@4.21.2 want: 1.3.1
237 silly placeDep ROOT fresh@0.5.2 OK for: express@4.21.2 want: 0.5.2
238 silly placeDep ROOT http-errors@2.0.0 OK for: express@4.21.2 want: 2.0.0
239 silly placeDep ROOT merge-descriptors@1.0.3 OK for: express@4.21.2 want: 1.0.3
240 silly placeDep ROOT methods@1.1.2 OK for: express@4.21.2 want: ~1.1.2
241 silly placeDep ROOT on-finished@2.4.1 OK for: express@4.21.2 want: 2.4.1
242 silly placeDep ROOT parseurl@1.3.3 OK for: express@4.21.2 want: ~1.3.3
243 silly placeDep ROOT path-to-regexp@0.1.12 OK for: express@4.21.2 want: 0.1.12
244 silly placeDep ROOT qs@6.13.0 OK for: express@4.21.2 want: 6.13.0
245 silly placeDep ROOT range-parser@1.2.1 OK for: express@4.21.2 want: ~1.2.1
246 silly placeDep ROOT safe-buffer@5.2.1 OK for: express@4.21.2 want: 5.2.1
247 silly placeDep ROOT send@0.19.0 OK for: express@4.21.2 want: 0.19.0
248 silly placeDep ROOT serve-static@1.16.2 OK for: express@4.21.2 want: 1.16.2
249 silly placeDep ROOT setprototypeof@1.2.0 OK for: express@4.21.2 want: 1.2.0
250 silly placeDep ROOT statuses@2.0.1 OK for: express@4.21.2 want: 2.0.1
251 silly placeDep ROOT type-is@1.6.18 OK for: express@4.21.2 want: ~1.6.18
252 silly placeDep ROOT utils-merge@1.0.1 OK for: express@4.21.2 want: 1.0.1
253 silly fetch manifest mime-types@~2.1.34
254 silly packumentCache full:https://registry.npmjs.org/mime-types cache-miss
255 silly fetch manifest negotiator@0.6.3
256 silly packumentCache full:https://registry.npmjs.org/negotiator cache-miss
257 silly fetch manifest bytes@3.1.2
258 silly packumentCache full:https://registry.npmjs.org/bytes cache-miss
259 silly fetch manifest unpipe@1.0.0
260 silly packumentCache full:https://registry.npmjs.org/unpipe cache-miss
261 silly fetch manifest destroy@1.2.0
262 silly packumentCache full:https://registry.npmjs.org/destroy cache-miss
263 silly fetch manifest raw-body@2.5.2
264 silly packumentCache full:https://registry.npmjs.org/raw-body cache-miss
265 silly fetch manifest iconv-lite@0.4.24
266 silly packumentCache full:https://registry.npmjs.org/iconv-lite cache-miss
267 silly fetch manifest content-type@~1.0.5
268 silly packumentCache full:https://registry.npmjs.org/content-type cache-hit
269 silly fetch manifest ms@2.0.0
270 silly packumentCache full:https://registry.npmjs.org/ms cache-miss
271 silly fetch manifest unpipe@~1.0.0
272 silly packumentCache full:https://registry.npmjs.org/unpipe cache-miss
273 silly fetch manifest inherits@2.0.4
274 silly packumentCache full:https://registry.npmjs.org/inherits cache-miss
275 silly fetch manifest toidentifier@1.0.1
276 silly packumentCache full:https://registry.npmjs.org/toidentifier cache-miss
277 silly fetch manifest ee-first@1.1.1
278 silly packumentCache full:https://registry.npmjs.org/ee-first cache-miss
279 silly fetch manifest side-channel@^1.0.6
280 silly packumentCache full:https://registry.npmjs.org/side-channel cache-miss
281 silly fetch manifest mime@1.6.0
282 silly packumentCache full:https://registry.npmjs.org/mime cache-miss
283 silly fetch manifest destroy@1.2.0
284 silly packumentCache full:https://registry.npmjs.org/destroy cache-miss
285 http fetch GET 200 https://registry.npmjs.org/destroy 70ms (cache miss)
286 silly packumentCache full:https://registry.npmjs.org/destroy set size:undefined disposed:false
287 silly fetch manifest encodeurl@~1.0.2
288 silly packumentCache full:https://registry.npmjs.org/encodeurl cache-hit
289 silly fetch manifest mime-types@~2.1.24
290 silly packumentCache full:https://registry.npmjs.org/mime-types cache-miss
291 http fetch GET 200 https://registry.npmjs.org/destroy 80ms (cache miss)
292 silly packumentCache full:https://registry.npmjs.org/destroy set size:undefined disposed:false
293 silly fetch manifest media-typer@0.3.0
294 silly packumentCache full:https://registry.npmjs.org/media-typer cache-miss
295 http fetch GET 200 https://registry.npmjs.org/bytes 101ms (cache revalidated)
296 silly packumentCache full:https://registry.npmjs.org/bytes set size:37018 disposed:false
297 http fetch GET 200 https://registry.npmjs.org/iconv-lite 116ms (cache revalidated)
298 silly packumentCache full:https://registry.npmjs.org/iconv-lite set size:118890 disposed:false
299 http fetch GET 200 https://registry.npmjs.org/negotiator 120ms (cache revalidated)
300 silly packumentCache full:https://registry.npmjs.org/negotiator set size:48046 disposed:false
301 http fetch GET 200 https://registry.npmjs.org/inherits 115ms (cache revalidated)
302 silly packumentCache full:https://registry.npmjs.org/inherits set size:12925 disposed:false
303 http fetch GET 200 https://registry.npmjs.org/mime-types 123ms (cache revalidated)
304 silly packumentCache full:https://registry.npmjs.org/mime-types set size:136716 disposed:false
305 http fetch GET 200 https://registry.npmjs.org/raw-body 124ms (cache revalidated)
306 silly packumentCache full:https://registry.npmjs.org/raw-body set size:111234 disposed:false
307 http fetch GET 200 https://registry.npmjs.org/unpipe 122ms (cache revalidated)
308 silly packumentCache full:https://registry.npmjs.org/unpipe set size:3537 disposed:false
309 http fetch GET 200 https://registry.npmjs.org/mime 121ms (cache miss)
310 silly packumentCache full:https://registry.npmjs.org/mime set size:undefined disposed:false
311 http fetch GET 200 https://registry.npmjs.org/unpipe 147ms (cache revalidated)
312 silly packumentCache full:https://registry.npmjs.org/unpipe set size:3537 disposed:false
313 silly packumentCache full:https://registry.npmjs.org/unpipe dispose
314 http fetch GET 200 https://registry.npmjs.org/side-channel 142ms (cache revalidated)
315 silly packumentCache full:https://registry.npmjs.org/side-channel set size:24660 disposed:false
316 http fetch GET 200 https://registry.npmjs.org/toidentifier 154ms (cache revalidated)
317 silly packumentCache full:https://registry.npmjs.org/toidentifier set size:12006 disposed:false
318 http fetch GET 200 https://registry.npmjs.org/ee-first 156ms (cache revalidated)
319 silly packumentCache full:https://registry.npmjs.org/ee-first set size:15327 disposed:false
320 http fetch GET 200 https://registry.npmjs.org/ms 160ms (cache revalidated)
321 silly packumentCache full:https://registry.npmjs.org/ms set size:92208 disposed:false
322 http fetch GET 200 https://registry.npmjs.org/mime-types 98ms (cache revalidated)
323 silly packumentCache full:https://registry.npmjs.org/mime-types set size:136716 disposed:false
324 silly packumentCache full:https://registry.npmjs.org/mime-types dispose
325 http fetch GET 200 https://registry.npmjs.org/media-typer 132ms (cache revalidated)
326 silly packumentCache full:https://registry.npmjs.org/media-typer set size:20873 disposed:false
327 silly placeDep ROOT mime-types@2.1.35 OK for: accepts@1.3.8 want: ~2.1.34
328 silly placeDep ROOT negotiator@0.6.3 OK for: accepts@1.3.8 want: 0.6.3
329 silly fetch manifest mime-db@1.52.0
330 silly packumentCache full:https://registry.npmjs.org/mime-db cache-miss
331 http fetch GET 200 https://registry.npmjs.org/mime-db 91ms (cache revalidated)
332 silly packumentCache full:https://registry.npmjs.org/mime-db set size:164953 disposed:false
333 silly placeDep ROOT bytes@3.1.2 OK for: body-parser@1.20.3 want: 3.1.2
334 silly placeDep node_modules/body-parser debug@2.6.9 OK for: body-parser@1.20.3 want: 2.6.9
335 silly placeDep ROOT destroy@1.2.0 OK for: body-parser@1.20.3 want: 1.2.0
336 silly placeDep ROOT iconv-lite@0.4.24 OK for: body-parser@1.20.3 want: 0.4.24
337 silly placeDep ROOT raw-body@2.5.2 OK for: body-parser@1.20.3 want: 2.5.2
338 silly placeDep ROOT unpipe@1.0.0 OK for: body-parser@1.20.3 want: 1.0.0
339 silly fetch manifest safer-buffer@>= 2.1.2 < 3
340 silly packumentCache full:https://registry.npmjs.org/safer-buffer cache-miss
341 http fetch GET 200 https://registry.npmjs.org/safer-buffer 77ms (cache revalidated)
342 silly packumentCache full:https://registry.npmjs.org/safer-buffer set size:18521 disposed:false
343 silly placeDep ROOT lodash@4.17.21 OK for: express-validator@7.2.1 want: ^4.17.21
344 silly placeDep ROOT validator@13.12.0 OK for: express-validator@7.2.1 want: ~13.12.0
345 silly placeDep node_modules/finalhandler debug@2.6.9 OK for: finalhandler@1.3.1 want: 2.6.9
346 silly placeDep ROOT inherits@2.0.4 OK for: http-errors@2.0.0 want: 2.0.4
347 silly placeDep ROOT toidentifier@1.0.1 OK for: http-errors@2.0.0 want: 1.0.1
348 silly placeDep ROOT safer-buffer@2.1.2 OK for: iconv-lite@0.4.24 want: >= 2.1.2 < 3
349 silly placeDep ROOT jws@3.2.2 OK for: jsonwebtoken@9.0.2 want: ^3.2.2
350 silly placeDep ROOT lodash.includes@4.3.0 OK for: jsonwebtoken@9.0.2 want: ^4.3.0
351 silly placeDep ROOT lodash.isboolean@3.0.3 OK for: jsonwebtoken@9.0.2 want: ^3.0.3
352 silly placeDep ROOT lodash.isinteger@4.0.4 OK for: jsonwebtoken@9.0.2 want: ^4.0.4
353 silly placeDep ROOT lodash.isnumber@3.0.3 OK for: jsonwebtoken@9.0.2 want: ^3.0.3
354 silly placeDep ROOT lodash.isplainobject@4.0.6 OK for: jsonwebtoken@9.0.2 want: ^4.0.6
355 silly placeDep ROOT lodash.isstring@4.0.1 OK for: jsonwebtoken@9.0.2 want: ^4.0.1
356 silly placeDep ROOT lodash.once@4.1.1 OK for: jsonwebtoken@9.0.2 want: ^4.0.0
357 silly fetch manifest jwa@^1.4.1
358 silly packumentCache full:https://registry.npmjs.org/jwa cache-miss
359 http fetch GET 200 https://registry.npmjs.org/jwa 41ms (cache miss)
360 silly packumentCache full:https://registry.npmjs.org/jwa set size:undefined disposed:false
361 silly placeDep ROOT jwa@1.4.2 OK for: jws@3.2.2 want: ^1.4.1
362 silly fetch manifest ecdsa-sig-formatter@1.0.11
363 silly packumentCache full:https://registry.npmjs.org/ecdsa-sig-formatter cache-miss
364 silly fetch manifest buffer-equal-constant-time@^1.0.1
365 silly packumentCache full:https://registry.npmjs.org/buffer-equal-constant-time cache-miss
366 http fetch GET 200 https://registry.npmjs.org/buffer-equal-constant-time 36ms (cache miss)
367 silly packumentCache full:https://registry.npmjs.org/buffer-equal-constant-time set size:undefined disposed:false
368 http fetch GET 200 https://registry.npmjs.org/ecdsa-sig-formatter 36ms (cache miss)
369 silly packumentCache full:https://registry.npmjs.org/ecdsa-sig-formatter set size:undefined disposed:false
370 silly placeDep ROOT buffer-equal-constant-time@1.0.1 OK for: jwa@1.4.2 want: ^1.0.1
371 silly placeDep ROOT ecdsa-sig-formatter@1.0.11 OK for: jwa@1.4.2 want: 1.0.11
372 silly placeDep ROOT mime-db@1.52.0 OK for: mime-types@2.1.35 want: 1.52.0
373 silly placeDep ROOT bson@5.5.1 OK for: mongoose@7.8.7 want: ^5.5.0
374 silly placeDep ROOT kareem@2.5.1 OK for: mongoose@7.8.7 want: 2.5.1
375 silly placeDep ROOT mongodb@5.9.2 OK for: mongoose@7.8.7 want: 5.9.2
376 silly placeDep ROOT mpath@0.9.0 OK for: mongoose@7.8.7 want: 0.9.0
377 silly placeDep ROOT mquery@5.0.0 OK for: mongoose@7.8.7 want: 5.0.0
378 silly placeDep ROOT sift@16.0.1 OK for: mongoose@7.8.7 want: 16.0.1
379 silly fetch manifest socks@^2.7.1
380 silly packumentCache full:https://registry.npmjs.org/socks cache-miss
381 silly fetch manifest mongodb-connection-string-url@^2.6.0
382 silly packumentCache full:https://registry.npmjs.org/mongodb-connection-string-url cache-miss
383 silly fetch manifest @mongodb-js/saslprep@^1.1.0
384 silly packumentCache full:https://registry.npmjs.org/@mongodb-js%2fsaslprep cache-miss
385 http fetch GET 200 https://registry.npmjs.org/socks 45ms (cache miss)
386 silly packumentCache full:https://registry.npmjs.org/socks set size:undefined disposed:false
387 http fetch GET 200 https://registry.npmjs.org/mongodb-connection-string-url 51ms (cache miss)
388 silly packumentCache full:https://registry.npmjs.org/mongodb-connection-string-url set size:undefined disposed:false
389 http fetch GET 200 https://registry.npmjs.org/@mongodb-js%2fsaslprep 58ms (cache miss)
390 silly packumentCache full:https://registry.npmjs.org/@mongodb-js%2fsaslprep set size:undefined disposed:false
391 silly placeDep ROOT @mongodb-js/saslprep@1.3.0 OK for: mongodb@5.9.2 want: ^1.1.0
392 silly placeDep ROOT mongodb-connection-string-url@2.6.0 OK for: mongodb@5.9.2 want: ^2.6.0
393 silly placeDep ROOT socks@2.8.7 OK for: mongodb@5.9.2 want: ^2.7.1
394 silly fetch manifest sparse-bitfield@^3.0.3
395 silly packumentCache full:https://registry.npmjs.org/sparse-bitfield cache-miss
396 silly fetch manifest whatwg-url@^11.0.0
397 silly packumentCache full:https://registry.npmjs.org/whatwg-url cache-miss
398 silly fetch manifest @types/whatwg-url@^8.2.1
399 silly packumentCache full:https://registry.npmjs.org/@types%2fwhatwg-url cache-miss
400 silly fetch manifest ip-address@^10.0.1
401 silly packumentCache full:https://registry.npmjs.org/ip-address cache-miss
402 silly fetch manifest smart-buffer@^4.2.0
403 silly packumentCache full:https://registry.npmjs.org/smart-buffer cache-miss
404 http fetch GET 200 https://registry.npmjs.org/sparse-bitfield 47ms (cache miss)
405 silly packumentCache full:https://registry.npmjs.org/sparse-bitfield set size:undefined disposed:false
406 http fetch GET 200 https://registry.npmjs.org/smart-buffer 48ms (cache miss)
407 silly packumentCache full:https://registry.npmjs.org/smart-buffer set size:undefined disposed:false
408 http fetch GET 200 https://registry.npmjs.org/ip-address 56ms (cache miss)
409 silly packumentCache full:https://registry.npmjs.org/ip-address set size:undefined disposed:false
410 http fetch GET 200 https://registry.npmjs.org/whatwg-url 60ms (cache miss)
411 silly packumentCache full:https://registry.npmjs.org/whatwg-url set size:undefined disposed:false
412 http fetch GET 200 https://registry.npmjs.org/@types%2fwhatwg-url 74ms (cache miss)
413 silly packumentCache full:https://registry.npmjs.org/@types%2fwhatwg-url set size:undefined disposed:false
414 silly placeDep ROOT sparse-bitfield@3.0.3 OK for: @mongodb-js/saslprep@1.3.0 want: ^3.0.3
415 silly fetch manifest memory-pager@^1.0.2
416 silly packumentCache full:https://registry.npmjs.org/memory-pager cache-miss
417 http fetch GET 200 https://registry.npmjs.org/memory-pager 48ms (cache miss)
418 silly packumentCache full:https://registry.npmjs.org/memory-pager set size:undefined disposed:false
419 silly placeDep ROOT @types/whatwg-url@8.2.2 OK for: mongodb-connection-string-url@2.6.0 want: ^8.2.1
420 silly placeDep ROOT whatwg-url@11.0.0 OK for: mongodb-connection-string-url@2.6.0 want: ^11.0.0
421 silly fetch manifest @types/webidl-conversions@*
422 silly packumentCache full:https://registry.npmjs.org/@types%2fwebidl-conversions cache-miss
423 silly fetch manifest tr46@^3.0.0
424 silly packumentCache full:https://registry.npmjs.org/tr46 cache-miss
425 silly fetch manifest webidl-conversions@^7.0.0
426 silly packumentCache full:https://registry.npmjs.org/webidl-conversions cache-miss
427 http fetch GET 200 https://registry.npmjs.org/tr46 42ms (cache miss)
428 silly packumentCache full:https://registry.npmjs.org/tr46 set size:undefined disposed:false
429 http fetch GET 200 https://registry.npmjs.org/webidl-conversions 51ms (cache miss)
430 silly packumentCache full:https://registry.npmjs.org/webidl-conversions set size:undefined disposed:false
431 http fetch GET 200 https://registry.npmjs.org/@types%2fwebidl-conversions 149ms (cache miss)
432 silly packumentCache full:https://registry.npmjs.org/@types%2fwebidl-conversions set size:undefined disposed:false
433 silly placeDep ROOT @types/webidl-conversions@7.0.3 OK for: @types/whatwg-url@8.2.2 want: *
434 silly placeDep ROOT ee-first@1.1.1 OK for: on-finished@2.4.1 want: 1.1.1
435 silly placeDep ROOT side-channel@1.1.0 OK for: qs@6.13.0 want: ^1.0.6
436 silly fetch manifest es-errors@^1.3.0
437 silly packumentCache full:https://registry.npmjs.org/es-errors cache-miss
438 silly fetch manifest object-inspect@^1.13.3
439 silly packumentCache full:https://registry.npmjs.org/object-inspect cache-miss
440 silly fetch manifest side-channel-list@^1.0.0
441 silly packumentCache full:https://registry.npmjs.org/side-channel-list cache-miss
442 silly fetch manifest side-channel-map@^1.0.1
443 silly packumentCache full:https://registry.npmjs.org/side-channel-map cache-miss
444 silly fetch manifest side-channel-weakmap@^1.0.2
445 silly packumentCache full:https://registry.npmjs.org/side-channel-weakmap cache-miss
446 http fetch GET 200 https://registry.npmjs.org/es-errors 84ms (cache revalidated)
447 silly packumentCache full:https://registry.npmjs.org/es-errors set size:16918 disposed:false
448 http fetch GET 200 https://registry.npmjs.org/side-channel-list 85ms (cache revalidated)
449 silly packumentCache full:https://registry.npmjs.org/side-channel-list set size:6005 disposed:false
450 http fetch GET 200 https://registry.npmjs.org/object-inspect 88ms (cache revalidated)
451 silly packumentCache full:https://registry.npmjs.org/object-inspect set size:101912 disposed:false
452 http fetch GET 200 https://registry.npmjs.org/side-channel-weakmap 92ms (cache revalidated)
453 silly packumentCache full:https://registry.npmjs.org/side-channel-weakmap set size:12620 disposed:false
454 http fetch GET 200 https://registry.npmjs.org/side-channel-map 114ms (cache revalidated)
455 silly packumentCache full:https://registry.npmjs.org/side-channel-map set size:9126 disposed:false
456 silly placeDep node_modules/send debug@2.6.9 OK for: send@0.19.0 want: 2.6.9
457 silly placeDep node_modules/send encodeurl@1.0.2 OK for: send@0.19.0 want: ~1.0.2
458 silly placeDep ROOT mime@1.6.0 OK for: send@0.19.0 want: 1.6.0
459 silly placeDep ROOT es-errors@1.3.0 OK for: side-channel@1.1.0 want: ^1.3.0
460 silly placeDep ROOT object-inspect@1.13.4 OK for: side-channel@1.1.0 want: ^1.13.3
461 silly placeDep ROOT side-channel-list@1.0.0 OK for: side-channel@1.1.0 want: ^1.0.0
462 silly placeDep ROOT side-channel-map@1.0.1 OK for: side-channel@1.1.0 want: ^1.0.1
463 silly placeDep ROOT side-channel-weakmap@1.0.2 OK for: side-channel@1.1.0 want: ^1.0.2
464 silly fetch manifest call-bound@^1.0.2
465 silly packumentCache full:https://registry.npmjs.org/call-bound cache-miss
466 silly fetch manifest get-intrinsic@^1.2.5
467 silly packumentCache full:https://registry.npmjs.org/get-intrinsic cache-miss
468 silly fetch manifest call-bound@^1.0.2
469 silly packumentCache full:https://registry.npmjs.org/call-bound cache-miss
470 silly fetch manifest get-intrinsic@^1.2.5
471 silly packumentCache full:https://registry.npmjs.org/get-intrinsic cache-miss
472 http fetch GET 200 https://registry.npmjs.org/get-intrinsic 78ms (cache revalidated)
473 silly packumentCache full:https://registry.npmjs.org/get-intrinsic set size:57687 disposed:false
474 http fetch GET 200 https://registry.npmjs.org/get-intrinsic 80ms (cache revalidated)
475 silly packumentCache full:https://registry.npmjs.org/get-intrinsic set size:57687 disposed:false
476 silly packumentCache full:https://registry.npmjs.org/get-intrinsic dispose
477 http fetch GET 200 https://registry.npmjs.org/call-bound 86ms (cache revalidated)
478 silly packumentCache full:https://registry.npmjs.org/call-bound set size:15317 disposed:false
479 http fetch GET 200 https://registry.npmjs.org/call-bound 87ms (cache revalidated)
480 silly packumentCache full:https://registry.npmjs.org/call-bound set size:15317 disposed:false
481 silly packumentCache full:https://registry.npmjs.org/call-bound dispose
482 silly placeDep ROOT call-bound@1.0.4 OK for: side-channel-map@1.0.1 want: ^1.0.2
483 silly placeDep ROOT get-intrinsic@1.3.0 OK for: side-channel-map@1.0.1 want: ^1.2.5
484 silly fetch manifest call-bind-apply-helpers@^1.0.2
485 silly packumentCache full:https://registry.npmjs.org/call-bind-apply-helpers cache-miss
486 silly fetch manifest get-intrinsic@^1.3.0
487 silly packumentCache full:https://registry.npmjs.org/get-intrinsic cache-hit
488 silly fetch manifest call-bind-apply-helpers@^1.0.2
489 silly packumentCache full:https://registry.npmjs.org/call-bind-apply-helpers cache-miss
490 silly fetch manifest es-define-property@^1.0.1
491 silly packumentCache full:https://registry.npmjs.org/es-define-property cache-miss
492 silly fetch manifest es-object-atoms@^1.1.1
493 silly packumentCache full:https://registry.npmjs.org/es-object-atoms cache-miss
494 silly fetch manifest function-bind@^1.1.2
495 silly packumentCache full:https://registry.npmjs.org/function-bind cache-miss
496 silly fetch manifest get-proto@^1.0.1
497 silly packumentCache full:https://registry.npmjs.org/get-proto cache-miss
498 silly fetch manifest gopd@^1.2.0
499 silly packumentCache full:https://registry.npmjs.org/gopd cache-miss
500 silly fetch manifest has-symbols@^1.1.0
501 silly packumentCache full:https://registry.npmjs.org/has-symbols cache-miss
502 silly fetch manifest hasown@^2.0.2
503 silly packumentCache full:https://registry.npmjs.org/hasown cache-miss
504 silly fetch manifest math-intrinsics@^1.1.0
505 silly packumentCache full:https://registry.npmjs.org/math-intrinsics cache-miss
506 http fetch GET 200 https://registry.npmjs.org/es-define-property 109ms (cache revalidated)
507 silly packumentCache full:https://registry.npmjs.org/es-define-property set size:8542 disposed:false
508 http fetch GET 200 https://registry.npmjs.org/call-bind-apply-helpers 112ms (cache revalidated)
509 silly packumentCache full:https://registry.npmjs.org/call-bind-apply-helpers set size:12744 disposed:false
510 http fetch GET 200 https://registry.npmjs.org/es-object-atoms 112ms (cache revalidated)
511 silly packumentCache full:https://registry.npmjs.org/es-object-atoms set size:15304 disposed:false
512 http fetch GET 200 https://registry.npmjs.org/function-bind 112ms (cache revalidated)
513 silly packumentCache full:https://registry.npmjs.org/function-bind set size:15733 disposed:false
514 http fetch GET 200 https://registry.npmjs.org/call-bind-apply-helpers 137ms (cache revalidated)
515 silly packumentCache full:https://registry.npmjs.org/call-bind-apply-helpers set size:12744 disposed:false
516 silly packumentCache full:https://registry.npmjs.org/call-bind-apply-helpers dispose
517 http fetch GET 200 https://registry.npmjs.org/gopd 137ms (cache revalidated)
518 silly packumentCache full:https://registry.npmjs.org/gopd set size:11458 disposed:false
519 http fetch GET 200 https://registry.npmjs.org/math-intrinsics 138ms (cache revalidated)
520 silly packumentCache full:https://registry.npmjs.org/math-intrinsics set size:9265 disposed:false
521 http fetch GET 200 https://registry.npmjs.org/get-proto 140ms (cache revalidated)
522 silly packumentCache full:https://registry.npmjs.org/get-proto set size:8300 disposed:false
523 http fetch GET 200 https://registry.npmjs.org/hasown 153ms (cache revalidated)
524 silly packumentCache full:https://registry.npmjs.org/hasown set size:12476 disposed:false
525 http fetch GET 200 https://registry.npmjs.org/has-symbols 170ms (cache revalidated)
526 silly packumentCache full:https://registry.npmjs.org/has-symbols set size:21550 disposed:false
527 silly placeDep ROOT call-bind-apply-helpers@1.0.2 OK for: call-bound@1.0.4 want: ^1.0.2
528 silly placeDep ROOT function-bind@1.1.2 OK for: call-bind-apply-helpers@1.0.2 want: ^1.1.2
529 silly placeDep ROOT es-define-property@1.0.1 OK for: get-intrinsic@1.3.0 want: ^1.0.1
530 silly placeDep ROOT es-object-atoms@1.1.1 OK for: get-intrinsic@1.3.0 want: ^1.1.1
531 silly placeDep ROOT get-proto@1.0.1 OK for: get-intrinsic@1.3.0 want: ^1.0.1
532 silly placeDep ROOT gopd@1.2.0 OK for: get-intrinsic@1.3.0 want: ^1.2.0
533 silly placeDep ROOT has-symbols@1.1.0 OK for: get-intrinsic@1.3.0 want: ^1.1.0
534 silly placeDep ROOT hasown@2.0.2 OK for: get-intrinsic@1.3.0 want: ^2.0.2
535 silly placeDep ROOT math-intrinsics@1.1.0 OK for: get-intrinsic@1.3.0 want: ^1.1.0
536 silly fetch manifest dunder-proto@^1.0.1
537 silly packumentCache full:https://registry.npmjs.org/dunder-proto cache-miss
538 http fetch GET 200 https://registry.npmjs.org/dunder-proto 69ms (cache revalidated)
539 silly packumentCache full:https://registry.npmjs.org/dunder-proto set size:8256 disposed:false
540 silly placeDep ROOT dunder-proto@1.0.1 OK for: get-proto@1.0.1 want: ^1.0.1
541 silly placeDep ROOT ip-address@10.0.1 OK for: socks@2.8.7 want: ^10.0.1
542 silly placeDep ROOT smart-buffer@4.2.0 OK for: socks@2.8.7 want: ^4.2.0
543 silly placeDep ROOT memory-pager@1.5.0 OK for: sparse-bitfield@3.0.3 want: ^1.0.2
544 silly placeDep ROOT media-typer@0.3.0 OK for: type-is@1.6.18 want: 0.3.0
545 silly placeDep ROOT tr46@3.0.0 OK for: whatwg-url@11.0.0 want: ^3.0.0
546 silly placeDep ROOT webidl-conversions@7.0.0 OK for: whatwg-url@11.0.0 want: ^7.0.0
547 silly fetch manifest punycode@^2.1.1
548 silly packumentCache full:https://registry.npmjs.org/punycode cache-miss
549 http fetch GET 200 https://registry.npmjs.org/punycode 43ms (cache miss)
550 silly packumentCache full:https://registry.npmjs.org/punycode set size:undefined disposed:false
551 silly placeDep ROOT punycode@2.3.1 OK for: tr46@3.0.0 want: ^2.1.1
552 silly placeDep node_modules/body-parser ms@2.0.0 OK for: debug@2.6.9 want: 2.0.0
553 silly placeDep node_modules/express ms@2.0.0 OK for: debug@2.6.9 want: 2.0.0
554 silly placeDep node_modules/finalhandler ms@2.0.0 OK for: debug@2.6.9 want: 2.0.0
555 silly placeDep node_modules/send/node_modules/debug ms@2.0.0 OK for: debug@2.6.9 want: 2.0.0
556 silly reify mark retired [
556 silly reify   'C:\\Users\\user\\Desktop\\health-app\\backend\\node_modules\\accepts'
556 silly reify ]
557 silly reify mark retired [
557 silly reify   'C:\\Users\\user\\Desktop\\health-app\\backend\\node_modules\\body-parser'
557 silly reify ]
558 silly reify mark retired [
558 silly reify   'C:\\Users\\user\\Desktop\\health-app\\backend\\node_modules\\content-disposition'
558 silly reify ]
559 silly reify mark retired [
559 silly reify   'C:\\Users\\user\\Desktop\\health-app\\backend\\node_modules\\cookie-signature'
559 silly reify ]
560 silly reify mark retired [
560 silly reify   'C:\\Users\\user\\Desktop\\health-app\\backend\\node_modules\\dotenv'
560 silly reify ]
561 silly reify mark retired [
561 silly reify   'C:\\Users\\user\\Desktop\\health-app\\backend\\node_modules\\engine.io\\node_modules\\accepts'
561 silly reify ]
562 silly reify mark retired [
562 silly reify   'C:\\Users\\user\\Desktop\\health-app\\backend\\node_modules\\engine.io\\node_modules\\mime-db'
562 silly reify ]
563 silly reify mark retired [
563 silly reify   'C:\\Users\\user\\Desktop\\health-app\\backend\\node_modules\\engine.io\\node_modules\\mime-types'
563 silly reify ]
564 silly reify mark retired [
564 silly reify   'C:\\Users\\user\\Desktop\\health-app\\backend\\node_modules\\engine.io\\node_modules\\negotiator'
564 silly reify ]
565 silly reify mark retired [
565 silly reify   'C:\\Users\\user\\Desktop\\health-app\\backend\\node_modules\\express'
565 silly reify ]
566 silly reify mark retired [
566 silly reify   'C:\\Users\\user\\Desktop\\health-app\\backend\\node_modules\\finalhandler'
566 silly reify ]
567 silly reify mark retired [
567 silly reify   'C:\\Users\\user\\Desktop\\health-app\\backend\\node_modules\\fresh'
567 silly reify ]
568 silly reify mark retired [
568 silly reify   'C:\\Users\\user\\Desktop\\health-app\\backend\\node_modules\\http-errors\\node_modules\\statuses'
568 silly reify ]
569 silly reify mark retired [
569 silly reify   'C:\\Users\\user\\Desktop\\health-app\\backend\\node_modules\\iconv-lite'
569 silly reify ]
570 silly reify mark retired [
570 silly reify   'C:\\Users\\user\\Desktop\\health-app\\backend\\node_modules\\is-promise'
570 silly reify ]
571 silly reify mark retired [
571 silly reify   'C:\\Users\\user\\Desktop\\health-app\\backend\\node_modules\\media-typer'
571 silly reify ]
572 silly reify mark retired [
572 silly reify   'C:\\Users\\user\\Desktop\\health-app\\backend\\node_modules\\merge-descriptors'
572 silly reify ]
573 silly reify mark retired [
573 silly reify   'C:\\Users\\user\\Desktop\\health-app\\backend\\node_modules\\mime-db'
573 silly reify ]
574 silly reify mark retired [
574 silly reify   'C:\\Users\\user\\Desktop\\health-app\\backend\\node_modules\\mime-types'
574 silly reify ]
575 silly reify mark retired [
575 silly reify   'C:\\Users\\user\\Desktop\\health-app\\backend\\node_modules\\negotiator'
575 silly reify ]
576 silly reify mark retired [ 'C:\\Users\\user\\Desktop\\health-app\\backend\\node_modules\\once' ]
577 silly reify mark retired [
577 silly reify   'C:\\Users\\user\\Desktop\\health-app\\backend\\node_modules\\path-to-regexp'
577 silly reify ]
578 silly reify mark retired [ 'C:\\Users\\user\\Desktop\\health-app\\backend\\node_modules\\qs' ]
579 silly reify mark retired [
579 silly reify   'C:\\Users\\user\\Desktop\\health-app\\backend\\node_modules\\raw-body'
579 silly reify ]
580 silly reify mark retired [
580 silly reify   'C:\\Users\\user\\Desktop\\health-app\\backend\\node_modules\\router'
580 silly reify ]
581 silly reify mark retired [ 'C:\\Users\\user\\Desktop\\health-app\\backend\\node_modules\\send' ]
582 silly reify mark retired [
582 silly reify   'C:\\Users\\user\\Desktop\\health-app\\backend\\node_modules\\serve-static'
582 silly reify ]
583 silly reify mark retired [
583 silly reify   'C:\\Users\\user\\Desktop\\health-app\\backend\\node_modules\\socket.io\\node_modules\\accepts'
583 silly reify ]
584 silly reify mark retired [
584 silly reify   'C:\\Users\\user\\Desktop\\health-app\\backend\\node_modules\\socket.io\\node_modules\\mime-db'
584 silly reify ]
585 silly reify mark retired [
585 silly reify   'C:\\Users\\user\\Desktop\\health-app\\backend\\node_modules\\socket.io\\node_modules\\mime-types'
585 silly reify ]
586 silly reify mark retired [
586 silly reify   'C:\\Users\\user\\Desktop\\health-app\\backend\\node_modules\\socket.io\\node_modules\\negotiator'
586 silly reify ]
587 silly reify mark retired [
587 silly reify   'C:\\Users\\user\\Desktop\\health-app\\backend\\node_modules\\statuses'
587 silly reify ]
588 silly reify mark retired [
588 silly reify   'C:\\Users\\user\\Desktop\\health-app\\backend\\node_modules\\type-is'
588 silly reify ]
589 silly reify mark retired [
589 silly reify   'C:\\Users\\user\\Desktop\\health-app\\backend\\node_modules\\wrappy'
589 silly reify ]
590 silly reify moves {
590 silly reify   'C:\\Users\\user\\Desktop\\health-app\\backend\\node_modules\\accepts': 'C:\\Users\\user\\Desktop\\health-app\\backend\\node_modules\\.accepts-KAHHXwLw',
590 silly reify   'C:\\Users\\user\\Desktop\\health-app\\backend\\node_modules\\body-parser': 'C:\\Users\\user\\Desktop\\health-app\\backend\\node_modules\\.body-parser-6Schfbak',
590 silly reify   'C:\\Users\\user\\Desktop\\health-app\\backend\\node_modules\\content-disposition': 'C:\\Users\\user\\Desktop\\health-app\\backend\\node_modules\\.content-disposition-rjTcufiB',
590 silly reify   'C:\\Users\\user\\Desktop\\health-app\\backend\\node_modules\\cookie-signature': 'C:\\Users\\user\\Desktop\\health-app\\backend\\node_modules\\.cookie-signature-AZqisyfB',
590 silly reify   'C:\\Users\\user\\Desktop\\health-app\\backend\\node_modules\\dotenv': 'C:\\Users\\user\\Desktop\\health-app\\backend\\node_modules\\.dotenv-8yzfX78o',
590 silly reify   'C:\\Users\\user\\Desktop\\health-app\\backend\\node_modules\\engine.io\\node_modules\\accepts': 'C:\\Users\\user\\Desktop\\health-app\\backend\\node_modules\\engine.io\\node_modules\\.accepts-NVU2e88Y',
590 silly reify   'C:\\Users\\user\\Desktop\\health-app\\backend\\node_modules\\engine.io\\node_modules\\mime-db': 'C:\\Users\\user\\Desktop\\health-app\\backend\\node_modules\\engine.io\\node_modules\\.mime-db-hTrlSjvV',
590 silly reify   'C:\\Users\\user\\Desktop\\health-app\\backend\\node_modules\\engine.io\\node_modules\\mime-types': 'C:\\Users\\user\\Desktop\\health-app\\backend\\node_modules\\engine.io\\node_modules\\.mime-types-i2yljgdm',
590 silly reify   'C:\\Users\\user\\Desktop\\health-app\\backend\\node_modules\\engine.io\\node_modules\\negotiator': 'C:\\Users\\user\\Desktop\\health-app\\backend\\node_modules\\engine.io\\node_modules\\.negotiator-olUkXQpP',
590 silly reify   'C:\\Users\\user\\Desktop\\health-app\\backend\\node_modules\\express': 'C:\\Users\\user\\Desktop\\health-app\\backend\\node_modules\\.express-xaQgGy1M',
590 silly reify   'C:\\Users\\user\\Desktop\\health-app\\backend\\node_modules\\finalhandler': 'C:\\Users\\user\\Desktop\\health-app\\backend\\node_modules\\.finalhandler-lCN5SPxE',
590 silly reify   'C:\\Users\\user\\Desktop\\health-app\\backend\\node_modules\\fresh': 'C:\\Users\\user\\Desktop\\health-app\\backend\\node_modules\\.fresh-Y2JRHzKN',
590 silly reify   'C:\\Users\\user\\Desktop\\health-app\\backend\\node_modules\\http-errors\\node_modules\\statuses': 'C:\\Users\\user\\Desktop\\health-app\\backend\\node_modules\\http-errors\\node_modules\\.statuses-kSBxYe0O',
590 silly reify   'C:\\Users\\user\\Desktop\\health-app\\backend\\node_modules\\iconv-lite': 'C:\\Users\\user\\Desktop\\health-app\\backend\\node_modules\\.iconv-lite-JE7Gta9f',
590 silly reify   'C:\\Users\\user\\Desktop\\health-app\\backend\\node_modules\\is-promise': 'C:\\Users\\user\\Desktop\\health-app\\backend\\node_modules\\.is-promise-XgXjls0D',
590 silly reify   'C:\\Users\\user\\Desktop\\health-app\\backend\\node_modules\\media-typer': 'C:\\Users\\user\\Desktop\\health-app\\backend\\node_modules\\.media-typer-yvTnkqeh',
590 silly reify   'C:\\Users\\user\\Desktop\\health-app\\backend\\node_modules\\merge-descriptors': 'C:\\Users\\user\\Desktop\\health-app\\backend\\node_modules\\.merge-descriptors-QYh6eFxI',
590 silly reify   'C:\\Users\\user\\Desktop\\health-app\\backend\\node_modules\\mime-db': 'C:\\Users\\user\\Desktop\\health-app\\backend\\node_modules\\.mime-db-SLxp3JaC',
590 silly reify   'C:\\Users\\user\\Desktop\\health-app\\backend\\node_modules\\mime-types': 'C:\\Users\\user\\Desktop\\health-app\\backend\\node_modules\\.mime-types-m9fQPDdQ',
590 silly reify   'C:\\Users\\user\\Desktop\\health-app\\backend\\node_modules\\negotiator': 'C:\\Users\\user\\Desktop\\health-app\\backend\\node_modules\\.negotiator-xUcJOWt5',
590 silly reify   'C:\\Users\\user\\Desktop\\health-app\\backend\\node_modules\\once': 'C:\\Users\\user\\Desktop\\health-app\\backend\\node_modules\\.once-lUIkJ7ql',
590 silly reify   'C:\\Users\\user\\Desktop\\health-app\\backend\\node_modules\\path-to-regexp': 'C:\\Users\\user\\Desktop\\health-app\\backend\\node_modules\\.path-to-regexp-z4Pq2crz',
590 silly reify   'C:\\Users\\user\\Desktop\\health-app\\backend\\node_modules\\qs': 'C:\\Users\\user\\Desktop\\health-app\\backend\\node_modules\\.qs-hFkvlixl',
590 silly reify   'C:\\Users\\user\\Desktop\\health-app\\backend\\node_modules\\raw-body': 'C:\\Users\\user\\Desktop\\health-app\\backend\\node_modules\\.raw-body-vNwqbGJW',
590 silly reify   'C:\\Users\\user\\Desktop\\health-app\\backend\\node_modules\\router': 'C:\\Users\\user\\Desktop\\health-app\\backend\\node_modules\\.router-i7d2qQGW',
590 silly reify   'C:\\Users\\user\\Desktop\\health-app\\backend\\node_modules\\send': 'C:\\Users\\user\\Desktop\\health-app\\backend\\node_modules\\.send-7NC1lp2n',
590 silly reify   'C:\\Users\\user\\Desktop\\health-app\\backend\\node_modules\\serve-static': 'C:\\Users\\user\\Desktop\\health-app\\backend\\node_modules\\.serve-static-g9cBS0kL',
590 silly reify   'C:\\Users\\user\\Desktop\\health-app\\backend\\node_modules\\socket.io\\node_modules\\accepts': 'C:\\Users\\user\\Desktop\\health-app\\backend\\node_modules\\socket.io\\node_modules\\.accepts-tzLB4QoK',
590 silly reify   'C:\\Users\\user\\Desktop\\health-app\\backend\\node_modules\\socket.io\\node_modules\\mime-db': 'C:\\Users\\user\\Desktop\\health-app\\backend\\node_modules\\socket.io\\node_modules\\.mime-db-uMUNuIh1',
590 silly reify   'C:\\Users\\user\\Desktop\\health-app\\backend\\node_modules\\socket.io\\node_modules\\mime-types': 'C:\\Users\\user\\Desktop\\health-app\\backend\\node_modules\\socket.io\\node_modules\\.mime-types-Eu45OXPL',
590 silly reify   'C:\\Users\\user\\Desktop\\health-app\\backend\\node_modules\\socket.io\\node_modules\\negotiator': 'C:\\Users\\user\\Desktop\\health-app\\backend\\node_modules\\socket.io\\node_modules\\.negotiator-ZezaFLyQ',
590 silly reify   'C:\\Users\\user\\Desktop\\health-app\\backend\\node_modules\\statuses': 'C:\\Users\\user\\Desktop\\health-app\\backend\\node_modules\\.statuses-XRGfIjyi',
590 silly reify   'C:\\Users\\user\\Desktop\\health-app\\backend\\node_modules\\type-is': 'C:\\Users\\user\\Desktop\\health-app\\backend\\node_modules\\.type-is-pfahHZej',
590 silly reify   'C:\\Users\\user\\Desktop\\health-app\\backend\\node_modules\\wrappy': 'C:\\Users\\user\\Desktop\\health-app\\backend\\node_modules\\.wrappy-uDLeCUg2'
590 silly reify }
591 silly audit bulk request {
591 silly audit   '@socket.io/component-emitter': [ '3.1.2' ],
591 silly audit   '@types/cors': [ '2.8.19' ],
591 silly audit   '@types/node': [ '24.4.0' ],
591 silly audit   accepts: [ '1.3.8' ],
591 silly audit   anymatch: [ '3.1.3' ],
591 silly audit   'balanced-match': [ '1.0.2' ],
591 silly audit   base64id: [ '2.0.0' ],
591 silly audit   'binary-extensions': [ '2.3.0' ],
591 silly audit   'brace-expansion': [ '1.1.12' ],
591 silly audit   braces: [ '3.0.3' ],
591 silly audit   chokidar: [ '3.6.0' ],
591 silly audit   'concat-map': [ '0.0.1' ],
591 silly audit   cookie: [ '0.7.2', '0.7.1' ],
591 silly audit   cors: [ '2.8.5' ],
591 silly audit   debug: [ '4.4.3', '4.3.7', '2.6.9' ],
591 silly audit   'engine.io': [ '6.6.4' ],
591 silly audit   'engine.io-parser': [ '5.2.3' ],
591 silly audit   'fill-range': [ '7.1.1' ],
591 silly audit   forwarded: [ '0.2.0' ],
591 silly audit   fsevents: [ '2.3.3' ],
591 silly audit   'glob-parent': [ '5.1.2' ],
591 silly audit   'has-flag': [ '3.0.0' ],
591 silly audit   'ignore-by-default': [ '1.0.1' ],
591 silly audit   'ipaddr.js': [ '1.9.1' ],
591 silly audit   'is-binary-path': [ '2.1.0' ],
591 silly audit   'is-extglob': [ '2.1.1' ],
591 silly audit   'is-glob': [ '4.0.3' ],
591 silly audit   'is-number': [ '7.0.0' ],
591 silly audit   minimatch: [ '3.1.2' ],
591 silly audit   ms: [ '2.1.3', '2.0.0' ],
591 silly audit   nodemon: [ '3.1.10' ],
591 silly audit   'normalize-path': [ '3.0.0' ],
591 silly audit   'object-assign': [ '4.1.1' ],
591 silly audit   picomatch: [ '2.3.1' ],
591 silly audit   'proxy-addr': [ '2.0.7' ],
591 silly audit   'pstree.remy': [ '1.1.8' ],
591 silly audit   readdirp: [ '3.6.0' ],
591 silly audit   semver: [ '7.7.2' ],
591 silly audit   'simple-update-notifier': [ '2.0.0' ],
591 silly audit   'socket.io': [ '4.8.1' ],
591 silly audit   'socket.io-adapter': [ '2.5.5' ],
591 silly audit   'socket.io-parser': [ '4.2.4' ],
591 silly audit   'supports-color': [ '5.5.0' ],
591 silly audit   'to-regex-range': [ '5.0.1' ],
591 silly audit   touch: [ '3.1.1' ],
591 silly audit   undefsafe: [ '2.0.5' ],
591 silly audit   'undici-types': [ '7.11.0' ],
591 silly audit   vary: [ '1.1.2' ],
591 silly audit   ws: [ '8.17.1' ],
591 silly audit   bcryptjs: [ '2.4.3' ],
591 silly audit   dotenv: [ '16.6.1' ],
591 silly audit   express: [ '4.21.2' ],
591 silly audit   'express-validator': [ '7.2.1' ],
591 silly audit   jsonwebtoken: [ '9.0.2' ],
591 silly audit   mongoose: [ '7.8.7' ],
591 silly audit   'array-flatten': [ '1.1.1' ],
591 silly audit   'body-parser': [ '1.20.3' ],
591 silly audit   'content-disposition': [ '0.5.4' ],
591 silly audit   'content-type': [ '1.0.5' ],
591 silly audit   'cookie-signature': [ '1.0.6' ],
591 silly audit   depd: [ '2.0.0' ],
591 silly audit   encodeurl: [ '2.0.0', '1.0.2' ],
591 silly audit   'escape-html': [ '1.0.3' ],
591 silly audit   etag: [ '1.8.1' ],
591 silly audit   finalhandler: [ '1.3.1' ],
591 silly audit   fresh: [ '0.5.2' ],
591 silly audit   'http-errors': [ '2.0.0' ],
591 silly audit   'merge-descriptors': [ '1.0.3' ],
591 silly audit   methods: [ '1.1.2' ],
591 silly audit   'on-finished': [ '2.4.1' ],
591 silly audit   parseurl: [ '1.3.3' ],
591 silly audit   'path-to-regexp': [ '0.1.12' ],
591 silly audit   qs: [ '6.13.0' ],
591 silly audit   'range-parser': [ '1.2.1' ],
591 silly audit   'safe-buffer': [ '5.2.1' ],
591 silly audit   send: [ '0.19.0' ],
591 silly audit   'serve-static': [ '1.16.2' ],
591 silly audit   setprototypeof: [ '1.2.0' ],
591 silly audit   statuses: [ '2.0.1' ],
591 silly audit   'type-is': [ '1.6.18' ],
591 silly audit   'utils-merge': [ '1.0.1' ],
591 silly audit   'mime-types': [ '2.1.35' ],
591 silly audit   negotiator: [ '0.6.3' ],
591 silly audit   bytes: [ '3.1.2' ],
591 silly audit   destroy: [ '1.2.0' ],
591 silly audit   'iconv-lite': [ '0.4.24' ],
591 silly audit   'raw-body': [ '2.5.2' ],
591 silly audit   unpipe: [ '1.0.0' ],
591 silly audit   lodash: [ '4.17.21' ],
591 silly audit   validator: [ '13.12.0' ],
591 silly audit   inherits: [ '2.0.4' ],
591 silly audit   toidentifier: [ '1.0.1' ],
591 silly audit   'safer-buffer': [ '2.1.2' ],
591 silly audit   jws: [ '3.2.2' ],
591 silly audit   'lodash.includes': [ '4.3.0' ],
591 silly audit   'lodash.isboolean': [ '3.0.3' ],
591 silly audit   'lodash.isinteger': [ '4.0.4' ],
591 silly audit   'lodash.isnumber': [ '3.0.3' ],
591 silly audit   'lodash.isplainobject': [ '4.0.6' ],
591 silly audit   'lodash.isstring': [ '4.0.1' ],
591 silly audit   'lodash.once': [ '4.1.1' ],
591 silly audit   jwa: [ '1.4.2' ],
591 silly audit   'buffer-equal-constant-time': [ '1.0.1' ],
591 silly audit   'ecdsa-sig-formatter': [ '1.0.11' ],
591 silly audit   'mime-db': [ '1.52.0' ],
591 silly audit   bson: [ '5.5.1' ],
591 silly audit   kareem: [ '2.5.1' ],
591 silly audit   mongodb: [ '5.9.2' ],
591 silly audit   mpath: [ '0.9.0' ],
591 silly audit   mquery: [ '5.0.0' ],
591 silly audit   sift: [ '16.0.1' ],
591 silly audit   '@mongodb-js/saslprep': [ '1.3.0' ],
591 silly audit   'mongodb-connection-string-url': [ '2.6.0' ],
591 silly audit   socks: [ '2.8.7' ],
591 silly audit   'sparse-bitfield': [ '3.0.3' ],
591 silly audit   '@types/whatwg-url': [ '8.2.2' ],
591 silly audit   'whatwg-url': [ '11.0.0' ],
591 silly audit   '@types/webidl-conversions': [ '7.0.3' ],
591 silly audit   'ee-first': [ '1.1.1' ],
591 silly audit   'side-channel': [ '1.1.0' ],
591 silly audit   mime: [ '1.6.0' ],
591 silly audit   'es-errors': [ '1.3.0' ],
591 silly audit   'object-inspect': [ '1.13.4' ],
591 silly audit   'side-channel-list': [ '1.0.0' ],
591 silly audit   'side-channel-map': [ '1.0.1' ],
591 silly audit   'side-channel-weakmap': [ '1.0.2' ],
591 silly audit   'call-bound': [ '1.0.4' ],
591 silly audit   'get-intrinsic': [ '1.3.0' ],
591 silly audit   'call-bind-apply-helpers': [ '1.0.2' ],
591 silly audit   'function-bind': [ '1.1.2' ],
591 silly audit   'es-define-property': [ '1.0.1' ],
591 silly audit   'es-object-atoms': [ '1.1.1' ],
591 silly audit   'get-proto': [ '1.0.1' ],
591 silly audit   gopd: [ '1.2.0' ],
591 silly audit   'has-symbols': [ '1.1.0' ],
591 silly audit   hasown: [ '2.0.2' ],
591 silly audit   'math-intrinsics': [ '1.1.0' ],
591 silly audit   'dunder-proto': [ '1.0.1' ],
591 silly audit   'ip-address': [ '10.0.1' ],
591 silly audit   'smart-buffer': [ '4.2.0' ],
591 silly audit   'memory-pager': [ '1.5.0' ],
591 silly audit   'media-typer': [ '0.3.0' ],
591 silly audit   tr46: [ '3.0.0' ],
591 silly audit   'webidl-conversions': [ '7.0.0' ],
591 silly audit   punycode: [ '2.3.1' ]
591 silly audit }
592 verbose reify failed optional dependency C:\Users\user\Desktop\health-app\backend\node_modules\fsevents
593 silly reify mark deleted [
593 silly reify   'C:\\Users\\user\\Desktop\\health-app\\backend\\node_modules\\fsevents'
593 silly reify ]
594 silly tarball no local data for raw-body@https://registry.npmjs.org/raw-body/-/raw-body-2.5.2.tgz. Extracting by manifest.
595 silly tarball no local data for punycode@https://registry.npmjs.org/punycode/-/punycode-2.3.1.tgz. Extracting by manifest.
596 silly tarball no local data for tr46@https://registry.npmjs.org/tr46/-/tr46-3.0.0.tgz. Extracting by manifest.
597 silly tarball no local data for webidl-conversions@https://registry.npmjs.org/webidl-conversions/-/webidl-conversions-7.0.0.tgz. Extracting by manifest.
598 silly tarball no local data for ip-address@https://registry.npmjs.org/ip-address/-/ip-address-10.0.1.tgz. Extracting by manifest.
599 silly tarball no local data for memory-pager@https://registry.npmjs.org/memory-pager/-/memory-pager-1.5.0.tgz. Extracting by manifest.
600 silly tarball no local data for @types/whatwg-url@https://registry.npmjs.org/@types/whatwg-url/-/whatwg-url-8.2.2.tgz. Extracting by manifest.
601 silly tarball no local data for mime@https://registry.npmjs.org/mime/-/mime-1.6.0.tgz. Extracting by manifest.
602 silly tarball no local data for @types/webidl-conversions@https://registry.npmjs.org/@types/webidl-conversions/-/webidl-conversions-7.0.3.tgz. Extracting by manifest.
603 silly tarball no local data for smart-buffer@https://registry.npmjs.org/smart-buffer/-/smart-buffer-4.2.0.tgz. Extracting by manifest.
604 silly tarball no local data for whatwg-url@https://registry.npmjs.org/whatwg-url/-/whatwg-url-11.0.0.tgz. Extracting by manifest.
605 silly tarball no local data for @mongodb-js/saslprep@https://registry.npmjs.org/@mongodb-js/saslprep/-/saslprep-1.3.0.tgz. Extracting by manifest.
606 silly tarball no local data for socks@https://registry.npmjs.org/socks/-/socks-2.8.7.tgz. Extracting by manifest.
607 silly tarball no local data for sparse-bitfield@https://registry.npmjs.org/sparse-bitfield/-/sparse-bitfield-3.0.3.tgz. Extracting by manifest.
608 silly tarball no local data for mongodb-connection-string-url@https://registry.npmjs.org/mongodb-connection-string-url/-/mongodb-connection-string-url-2.6.0.tgz. Extracting by manifest.
609 silly tarball no local data for sift@https://registry.npmjs.org/sift/-/sift-16.0.1.tgz. Extracting by manifest.
610 silly tarball no local data for mpath@https://registry.npmjs.org/mpath/-/mpath-0.9.0.tgz. Extracting by manifest.
611 silly tarball no local data for mquery@https://registry.npmjs.org/mquery/-/mquery-5.0.0.tgz. Extracting by manifest.
612 silly tarball no local data for mongodb@https://registry.npmjs.org/mongodb/-/mongodb-5.9.2.tgz. Extracting by manifest.
613 silly tarball no local data for kareem@https://registry.npmjs.org/kareem/-/kareem-2.5.1.tgz. Extracting by manifest.
614 silly tarball no local data for bson@https://registry.npmjs.org/bson/-/bson-5.5.1.tgz. Extracting by manifest.
615 silly tarball no local data for ecdsa-sig-formatter@https://registry.npmjs.org/ecdsa-sig-formatter/-/ecdsa-sig-formatter-1.0.11.tgz. Extracting by manifest.
616 silly tarball no local data for jwa@https://registry.npmjs.org/jwa/-/jwa-1.4.2.tgz. Extracting by manifest.
617 silly tarball no local data for buffer-equal-constant-time@https://registry.npmjs.org/buffer-equal-constant-time/-/buffer-equal-constant-time-1.0.1.tgz. Extracting by manifest.
618 silly tarball no local data for lodash.once@https://registry.npmjs.org/lodash.once/-/lodash.once-4.1.1.tgz. Extracting by manifest.
619 silly tarball no local data for lodash.isnumber@https://registry.npmjs.org/lodash.isnumber/-/lodash.isnumber-3.0.3.tgz. Extracting by manifest.
620 silly tarball no local data for lodash.isstring@https://registry.npmjs.org/lodash.isstring/-/lodash.isstring-4.0.1.tgz. Extracting by manifest.
621 silly tarball no local data for lodash.includes@https://registry.npmjs.org/lodash.includes/-/lodash.includes-4.3.0.tgz. Extracting by manifest.
622 silly tarball no local data for lodash.isplainobject@https://registry.npmjs.org/lodash.isplainobject/-/lodash.isplainobject-4.0.6.tgz. Extracting by manifest.
623 silly tarball no local data for lodash.isinteger@https://registry.npmjs.org/lodash.isinteger/-/lodash.isinteger-4.0.4.tgz. Extracting by manifest.
624 silly tarball no local data for jws@https://registry.npmjs.org/jws/-/jws-3.2.2.tgz. Extracting by manifest.
625 silly tarball no local data for lodash.isboolean@https://registry.npmjs.org/lodash.isboolean/-/lodash.isboolean-3.0.3.tgz. Extracting by manifest.
626 silly tarball no local data for lodash@https://registry.npmjs.org/lodash/-/lodash-4.17.21.tgz. Extracting by manifest.
627 silly tarball no local data for validator@https://registry.npmjs.org/validator/-/validator-13.12.0.tgz. Extracting by manifest.
628 silly tarball no local data for destroy@https://registry.npmjs.org/destroy/-/destroy-1.2.0.tgz. Extracting by manifest.
629 silly tarball no local data for array-flatten@https://registry.npmjs.org/array-flatten/-/array-flatten-1.1.1.tgz. Extracting by manifest.
630 silly tarball no local data for utils-merge@https://registry.npmjs.org/utils-merge/-/utils-merge-1.0.1.tgz. Extracting by manifest.
631 silly tarball no local data for jsonwebtoken@https://registry.npmjs.org/jsonwebtoken/-/jsonwebtoken-9.0.2.tgz. Extracting by manifest.
632 silly tarball no local data for express-validator@https://registry.npmjs.org/express-validator/-/express-validator-7.2.1.tgz. Extracting by manifest.
633 silly tarball no local data for methods@https://registry.npmjs.org/methods/-/methods-1.1.2.tgz. Extracting by manifest.
634 silly tarball no local data for bcryptjs@https://registry.npmjs.org/bcryptjs/-/bcryptjs-2.4.3.tgz. Extracting by manifest.
635 silly tarball no local data for mongoose@https://registry.npmjs.org/mongoose/-/mongoose-7.8.7.tgz. Extracting by manifest.
636 silly tarball no local data for type-is@https://registry.npmjs.org/type-is/-/type-is-1.6.18.tgz. Extracting by manifest.
637 silly tarball no local data for send@https://registry.npmjs.org/send/-/send-0.19.0.tgz. Extracting by manifest.
638 silly tarball no local data for qs@https://registry.npmjs.org/qs/-/qs-6.13.0.tgz. Extracting by manifest.
639 silly tarball no local data for serve-static@https://registry.npmjs.org/serve-static/-/serve-static-1.16.2.tgz. Extracting by manifest.
640 silly tarball no local data for path-to-regexp@https://registry.npmjs.org/path-to-regexp/-/path-to-regexp-0.1.12.tgz. Extracting by manifest.
641 silly tarball no local data for iconv-lite@https://registry.npmjs.org/iconv-lite/-/iconv-lite-0.4.24.tgz. Extracting by manifest.
642 silly tarball no local data for fresh@https://registry.npmjs.org/fresh/-/fresh-0.5.2.tgz. Extracting by manifest.
643 silly tarball no local data for express@https://registry.npmjs.org/express/-/express-4.21.2.tgz. Extracting by manifest.
644 silly tarball no local data for content-disposition@https://registry.npmjs.org/content-disposition/-/content-disposition-0.5.4.tgz. Extracting by manifest.
645 silly tarball no local data for debug@https://registry.npmjs.org/debug/-/debug-2.6.9.tgz. Extracting by manifest.
646 silly tarball no local data for debug@https://registry.npmjs.org/debug/-/debug-2.6.9.tgz. Extracting by manifest.
647 silly tarball no local data for media-typer@https://registry.npmjs.org/media-typer/-/media-typer-0.3.0.tgz. Extracting by manifest.
648 silly tarball no local data for dotenv@https://registry.npmjs.org/dotenv/-/dotenv-16.6.1.tgz. Extracting by manifest.
649 silly tarball no local data for encodeurl@https://registry.npmjs.org/encodeurl/-/encodeurl-1.0.2.tgz. Extracting by manifest.
650 silly tarball no local data for ms@https://registry.npmjs.org/ms/-/ms-2.0.0.tgz. Extracting by manifest.
651 silly tarball no local data for merge-descriptors@https://registry.npmjs.org/merge-descriptors/-/merge-descriptors-1.0.3.tgz. Extracting by manifest.
652 silly tarball no local data for ms@https://registry.npmjs.org/ms/-/ms-2.0.0.tgz. Extracting by manifest.
653 silly tarball no local data for ms@https://registry.npmjs.org/ms/-/ms-2.0.0.tgz. Extracting by manifest.
654 silly tarball no local data for debug@https://registry.npmjs.org/debug/-/debug-2.6.9.tgz. Extracting by manifest.
655 silly tarball no local data for ms@https://registry.npmjs.org/ms/-/ms-2.0.0.tgz. Extracting by manifest.
656 silly tarball no local data for debug@https://registry.npmjs.org/debug/-/debug-2.6.9.tgz. Extracting by manifest.
657 silly tarball no local data for finalhandler@https://registry.npmjs.org/finalhandler/-/finalhandler-1.3.1.tgz. Extracting by manifest.
658 silly tarball no local data for cookie@https://registry.npmjs.org/cookie/-/cookie-0.7.1.tgz. Extracting by manifest.
659 silly tarball no local data for cookie-signature@https://registry.npmjs.org/cookie-signature/-/cookie-signature-1.0.6.tgz. Extracting by manifest.
660 silly tarball no local data for body-parser@https://registry.npmjs.org/body-parser/-/body-parser-1.20.3.tgz. Extracting by manifest.
661 http fetch POST 200 https://registry.npmjs.org/-/npm/v1/security/advisories/bulk 412ms
662 silly audit report {}
663 http fetch GET 200 https://registry.npmjs.org/memory-pager/-/memory-pager-1.5.0.tgz 414ms (cache miss)
664 http fetch GET 200 https://registry.npmjs.org/@types/webidl-conversions/-/webidl-conversions-7.0.3.tgz 415ms (cache miss)
665 http fetch GET 200 https://registry.npmjs.org/lodash.once/-/lodash.once-4.1.1.tgz 443ms (cache miss)
666 http fetch GET 200 https://registry.npmjs.org/punycode/-/punycode-2.3.1.tgz 464ms (cache miss)
667 http fetch GET 200 https://registry.npmjs.org/kareem/-/kareem-2.5.1.tgz 457ms (cache miss)
668 http fetch GET 200 https://registry.npmjs.org/lodash.isplainobject/-/lodash.isplainobject-4.0.6.tgz 452ms (cache miss)
669 http fetch GET 200 https://registry.npmjs.org/lodash.isinteger/-/lodash.isinteger-4.0.4.tgz 453ms (cache miss)
670 http fetch GET 200 https://registry.npmjs.org/buffer-equal-constant-time/-/buffer-equal-constant-time-1.0.1.tgz 468ms (cache miss)
671 http fetch GET 200 https://registry.npmjs.org/lodash.includes/-/lodash.includes-4.3.0.tgz 465ms (cache miss)
672 http fetch GET 200 https://registry.npmjs.org/lodash.isboolean/-/lodash.isboolean-3.0.3.tgz 465ms (cache miss)
673 http fetch GET 200 https://registry.npmjs.org/utils-merge/-/utils-merge-1.0.1.tgz 462ms (cache miss)
674 http fetch GET 200 https://registry.npmjs.org/webidl-conversions/-/webidl-conversions-7.0.0.tgz 488ms (cache miss)
675 http fetch GET 200 https://registry.npmjs.org/lodash.isnumber/-/lodash.isnumber-3.0.3.tgz 475ms (cache miss)
676 http fetch GET 200 https://registry.npmjs.org/lodash.isstring/-/lodash.isstring-4.0.1.tgz 478ms (cache miss)
677 http fetch GET 200 https://registry.npmjs.org/jwa/-/jwa-1.4.2.tgz 489ms (cache miss)
678 http fetch GET 200 https://registry.npmjs.org/array-flatten/-/array-flatten-1.1.1.tgz 482ms (cache miss)
679 http fetch GET 200 https://registry.npmjs.org/destroy/-/destroy-1.2.0.tgz 483ms (cache miss)
680 http fetch GET 200 https://registry.npmjs.org/methods/-/methods-1.1.2.tgz 489ms (cache miss)
681 http fetch GET 200 https://registry.npmjs.org/send/-/send-0.19.0.tgz 491ms (cache miss)
682 http fetch GET 200 https://registry.npmjs.org/ms/-/ms-2.0.0.tgz 473ms (cache miss)
683 http fetch GET 200 https://registry.npmjs.org/merge-descriptors/-/merge-descriptors-1.0.3.tgz 476ms (cache miss)
684 http fetch GET 200 https://registry.npmjs.org/type-is/-/type-is-1.6.18.tgz 495ms (cache miss)
685 http fetch GET 200 https://registry.npmjs.org/path-to-regexp/-/path-to-regexp-0.1.12.tgz 495ms (cache miss)
686 http fetch GET 200 https://registry.npmjs.org/content-disposition/-/content-disposition-0.5.4.tgz 490ms (cache miss)
687 http fetch GET 200 https://registry.npmjs.org/finalhandler/-/finalhandler-1.3.1.tgz 481ms (cache miss)
688 http fetch GET 200 https://registry.npmjs.org/cookie-signature/-/cookie-signature-1.0.6.tgz 469ms (cache miss)
689 http fetch GET 200 https://registry.npmjs.org/encodeurl/-/encodeurl-1.0.2.tgz 497ms (cache miss)
690 http fetch GET 200 https://registry.npmjs.org/raw-body/-/raw-body-2.5.2.tgz 543ms (cache miss)
691 http fetch GET 200 https://registry.npmjs.org/fresh/-/fresh-0.5.2.tgz 507ms (cache miss)
692 http fetch GET 200 https://registry.npmjs.org/serve-static/-/serve-static-1.16.2.tgz 521ms (cache miss)
693 http fetch GET 200 https://registry.npmjs.org/media-typer/-/media-typer-0.3.0.tgz 512ms (cache miss)
694 http fetch GET 200 https://registry.npmjs.org/ms/-/ms-2.0.0.tgz 508ms (cache miss)
695 http fetch GET 200 https://registry.npmjs.org/ms/-/ms-2.0.0.tgz 511ms (cache miss)
696 http fetch GET 200 https://registry.npmjs.org/ms/-/ms-2.0.0.tgz 507ms (cache miss)
697 http fetch GET 200 https://registry.npmjs.org/cookie/-/cookie-0.7.1.tgz 506ms (cache miss)
698 http fetch GET 200 https://registry.npmjs.org/sparse-bitfield/-/sparse-bitfield-3.0.3.tgz 556ms (cache miss)
699 http fetch GET 200 https://registry.npmjs.org/ecdsa-sig-formatter/-/ecdsa-sig-formatter-1.0.11.tgz 554ms (cache miss)
700 http fetch GET 200 https://registry.npmjs.org/@types/whatwg-url/-/whatwg-url-8.2.2.tgz 585ms (cache miss)
701 http fetch GET 200 https://registry.npmjs.org/jws/-/jws-3.2.2.tgz 577ms (cache miss)
702 http fetch GET 200 https://registry.npmjs.org/mongodb-connection-string-url/-/mongodb-connection-string-url-2.6.0.tgz 590ms (cache miss)
703 http fetch GET 200 https://registry.npmjs.org/tr46/-/tr46-3.0.0.tgz 612ms (cache miss)
704 http fetch GET 200 https://registry.npmjs.org/mime/-/mime-1.6.0.tgz 639ms (cache miss)
705 http fetch GET 200 https://registry.npmjs.org/mpath/-/mpath-0.9.0.tgz 633ms (cache miss)
706 http fetch GET 200 https://registry.npmjs.org/body-parser/-/body-parser-1.20.3.tgz 588ms (cache miss)
707 http fetch GET 200 https://registry.npmjs.org/dotenv/-/dotenv-16.6.1.tgz 617ms (cache miss)
708 http fetch GET 200 https://registry.npmjs.org/jsonwebtoken/-/jsonwebtoken-9.0.2.tgz 652ms (cache miss)
709 http fetch GET 200 https://registry.npmjs.org/mquery/-/mquery-5.0.0.tgz 668ms (cache miss)
710 http fetch GET 200 https://registry.npmjs.org/smart-buffer/-/smart-buffer-4.2.0.tgz 678ms (cache miss)
711 http fetch GET 200 https://registry.npmjs.org/whatwg-url/-/whatwg-url-11.0.0.tgz 686ms (cache miss)
712 http fetch GET 200 https://registry.npmjs.org/debug/-/debug-2.6.9.tgz 658ms (cache miss)
713 http fetch GET 200 https://registry.npmjs.org/debug/-/debug-2.6.9.tgz 663ms (cache miss)
714 http fetch GET 200 https://registry.npmjs.org/debug/-/debug-2.6.9.tgz 658ms (cache miss)
715 http fetch GET 200 https://registry.npmjs.org/debug/-/debug-2.6.9.tgz 657ms (cache miss)
716 http fetch GET 200 https://registry.npmjs.org/express/-/express-4.21.2.tgz 679ms (cache miss)
717 http fetch GET 200 https://registry.npmjs.org/qs/-/qs-6.13.0.tgz 714ms (cache miss)
718 http fetch GET 200 https://registry.npmjs.org/iconv-lite/-/iconv-lite-0.4.24.tgz 749ms (cache miss)
719 http fetch GET 200 https://registry.npmjs.org/bcryptjs/-/bcryptjs-2.4.3.tgz 775ms (cache miss)
720 http fetch GET 200 https://registry.npmjs.org/socks/-/socks-2.8.7.tgz 819ms (cache miss)
721 http fetch GET 200 https://registry.npmjs.org/sift/-/sift-16.0.1.tgz 824ms (cache miss)
722 http fetch GET 200 https://registry.npmjs.org/@mongodb-js/saslprep/-/saslprep-1.3.0.tgz 836ms (cache miss)
723 http fetch GET 200 https://registry.npmjs.org/ip-address/-/ip-address-10.0.1.tgz 851ms (cache miss)
724 http fetch GET 200 https://registry.npmjs.org/express-validator/-/express-validator-7.2.1.tgz 917ms (cache miss)
725 http fetch GET 200 https://registry.npmjs.org/bson/-/bson-5.5.1.tgz 1012ms (cache miss)
726 http fetch GET 200 https://registry.npmjs.org/validator/-/validator-13.12.0.tgz 1285ms (cache miss)
727 http fetch GET 200 https://registry.npmjs.org/mongoose/-/mongoose-7.8.7.tgz 1512ms (cache miss)
728 http fetch GET 200 https://registry.npmjs.org/mongodb/-/mongodb-5.9.2.tgz 1655ms (cache miss)
729 http fetch GET 200 https://registry.npmjs.org/lodash/-/lodash-4.17.21.tgz 2471ms (cache miss)
730 silly ADD node_modules/punycode
731 silly ADD node_modules/webidl-conversions
732 silly ADD node_modules/tr46
733 silly ADD node_modules/memory-pager
734 silly ADD node_modules/smart-buffer
735 silly ADD node_modules/ip-address
736 silly ADD node_modules/mime
737 silly ADD node_modules/@types/webidl-conversions
738 silly ADD node_modules/whatwg-url
739 silly ADD node_modules/@types/whatwg-url
740 silly ADD node_modules/sparse-bitfield
741 silly ADD node_modules/socks
742 silly ADD node_modules/mongodb-connection-string-url
743 silly ADD node_modules/@mongodb-js/saslprep
744 silly ADD node_modules/sift
745 silly ADD node_modules/mquery
746 silly ADD node_modules/mpath
747 silly ADD node_modules/mongodb
748 silly ADD node_modules/kareem
749 silly ADD node_modules/bson
750 silly ADD node_modules/ecdsa-sig-formatter
751 silly ADD node_modules/buffer-equal-constant-time
752 silly ADD node_modules/jwa
753 silly ADD node_modules/lodash.once
754 silly ADD node_modules/lodash.isstring
755 silly ADD node_modules/lodash.isplainobject
756 silly ADD node_modules/lodash.isnumber
757 silly ADD node_modules/lodash.isinteger
758 silly ADD node_modules/lodash.isboolean
759 silly ADD node_modules/lodash.includes
760 silly ADD node_modules/jws
761 silly ADD node_modules/validator
762 silly ADD node_modules/lodash
763 silly ADD node_modules/destroy
764 silly ADD node_modules/utils-merge
765 silly ADD node_modules/methods
766 silly ADD node_modules/array-flatten
767 silly ADD node_modules/mongoose
768 silly ADD node_modules/jsonwebtoken
769 silly ADD node_modules/express-validator
770 silly ADD node_modules/bcryptjs
771 silly ADD
772 silly REMOVE node_modules/wrappy
773 silly CHANGE node_modules/type-is
774 silly CHANGE node_modules/statuses
775 silly REMOVE node_modules/socket.io/node_modules/negotiator
776 silly REMOVE node_modules/socket.io/node_modules/mime-types
777 silly REMOVE node_modules/socket.io/node_modules/mime-db
778 silly REMOVE node_modules/socket.io/node_modules/accepts
779 silly CHANGE node_modules/serve-static
780 silly CHANGE node_modules/send
781 silly ADD node_modules/send/node_modules/encodeurl
782 silly ADD node_modules/send/node_modules/debug
783 silly ADD node_modules/send/node_modules/debug/node_modules/ms
784 silly REMOVE node_modules/router
785 silly CHANGE node_modules/raw-body
786 silly REMOVE node_modules/raw-body/node_modules/iconv-lite
787 silly CHANGE node_modules/qs
788 silly CHANGE node_modules/path-to-regexp
789 silly REMOVE node_modules/once
790 silly CHANGE node_modules/negotiator
791 silly CHANGE node_modules/mime-types
792 silly CHANGE node_modules/mime-db
793 silly CHANGE node_modules/merge-descriptors
794 silly CHANGE node_modules/media-typer
795 silly REMOVE node_modules/is-promise
796 silly CHANGE node_modules/iconv-lite
797 silly REMOVE node_modules/http-errors/node_modules/statuses
798 silly CHANGE node_modules/fresh
799 silly CHANGE node_modules/finalhandler
800 silly ADD node_modules/finalhandler/node_modules/ms
801 silly ADD node_modules/finalhandler/node_modules/debug
802 silly CHANGE node_modules/express
803 silly ADD node_modules/express/node_modules/ms
804 silly ADD node_modules/express/node_modules/debug
805 silly ADD node_modules/express/node_modules/cookie
806 silly REMOVE node_modules/engine.io/node_modules/negotiator
807 silly REMOVE node_modules/engine.io/node_modules/mime-types
808 silly REMOVE node_modules/engine.io/node_modules/mime-db
809 silly REMOVE node_modules/engine.io/node_modules/accepts
810 silly CHANGE node_modules/dotenv
811 silly CHANGE node_modules/cookie-signature
812 silly CHANGE node_modules/content-disposition
813 silly CHANGE node_modules/body-parser
814 silly ADD node_modules/body-parser/node_modules/ms
815 silly ADD node_modules/body-parser/node_modules/debug
816 silly CHANGE node_modules/accepts
817 verbose cwd C:\Users\user\Desktop\health-app\backend
818 verbose os Windows_NT 10.0.26100
819 verbose node v22.12.0
820 verbose npm  v10.9.0
821 verbose exit 0
822 info ok
